INFO: [VRFC 10-163] Analyzing VHDL file "C:/Users/mehrdad.montazeri/Dropbox/BackUp-Old/Xilinx/Processor5/Processor/project_1/project_1.srcs/sources_1/ip/cordic_0_1/xbip_utils_v3_0/hdl/xbip_utils_v3_0_pkg.vhd" into library xbip_utils_v3_0
INFO: [VRFC 10-163] Analyzing VHDL file "C:/Users/mehrdad.montazeri/Dropbox/BackUp-Old/Xilinx/Processor5/Processor/project_1/project_1.srcs/sources_1/ip/cordic_0_1/xbip_utils_v3_0/hdl/xcc_utils_v3_0.vhd" into library xbip_utils_v3_0
INFO: [VRFC 10-163] Analyzing VHDL file "C:/Users/mehrdad.montazeri/Dropbox/BackUp-Old/Xilinx/Processor5/Processor/project_1/project_1.srcs/sources_1/ip/cordic_0_1/c_reg_fd_v12_0/hdl/c_reg_fd_v12_0_comp.vhd" into library c_reg_fd_v12_0
INFO: [VRFC 10-163] Analyzing VHDL file "C:/Users/mehrdad.montazeri/Dropbox/BackUp-Old/Xilinx/Processor5/Processor/project_1/project_1.srcs/sources_1/ip/cordic_0_1/c_reg_fd_v12_0/hdl/c_reg_fd_v12_0_viv_comp.vhd" into library c_reg_fd_v12_0
INFO: [VRFC 10-163] Analyzing VHDL file "C:/Users/mehrdad.montazeri/Dropbox/BackUp-Old/Xilinx/Processor5/Processor/project_1/project_1.srcs/sources_1/ip/cordic_0_1/c_reg_fd_v12_0/hdl/c_reg_fd_v12_0_viv.vhd" into library c_reg_fd_v12_0
INFO: [VRFC 10-307] analyzing entity c_reg_fd_v12_0_viv
INFO: [VRFC 10-163] Analyzing VHDL file "C:/Users/mehrdad.montazeri/Dropbox/BackUp-Old/Xilinx/Processor5/Processor/project_1/project_1.srcs/sources_1/ip/cordic_0_1/c_reg_fd_v12_0/hdl/c_reg_fd_v12_0.vhd" into library c_reg_fd_v12_0
INFO: [VRFC 10-307] analyzing entity c_reg_fd_v12_0
INFO: [VRFC 10-163] Analyzing VHDL file "C:/Users/mehrdad.montazeri/Dropbox/BackUp-Old/Xilinx/Processor5/Processor/project_1/project_1.srcs/sources_1/ip/cordic_0_1/xbip_dsp48_wrapper_v3_0/hdl/xbip_dsp48_wrapper_v3_0_pkg.vhd" into library xbip_dsp48_wrapper_v3_0
INFO: [VRFC 10-163] Analyzing VHDL file "C:/Users/mehrdad.montazeri/Dropbox/BackUp-Old/Xilinx/Processor5/Processor/project_1/project_1.srcs/sources_1/ip/cordic_0_1/xbip_dsp48_wrapper_v3_0/hdl/xbip_dsp48a_wrapper_v3_0.vhd" into library xbip_dsp48_wrapper_v3_0
INFO: [VRFC 10-307] analyzing entity xbip_dsp48a_wrapper_v3_0
INFO: [VRFC 10-163] Analyzing VHDL file "C:/Users/mehrdad.montazeri/Dropbox/BackUp-Old/Xilinx/Processor5/Processor/project_1/project_1.srcs/sources_1/ip/cordic_0_1/xbip_dsp48_wrapper_v3_0/hdl/xbip_dsp48a1_wrapper_v3_0.vhd" into library xbip_dsp48_wrapper_v3_0
INFO: [VRFC 10-307] analyzing entity xbip_dsp48a1_wrapper_v3_0
INFO: [VRFC 10-163] Analyzing VHDL file "C:/Users/mehrdad.montazeri/Dropbox/BackUp-Old/Xilinx/Processor5/Processor/project_1/project_1.srcs/sources_1/ip/cordic_0_1/xbip_dsp48_wrapper_v3_0/hdl/xbip_dsp48e_wrapper_v3_0.vhd" into library xbip_dsp48_wrapper_v3_0
INFO: [VRFC 10-307] analyzing entity xbip_dsp48e_wrapper_v3_0
INFO: [VRFC 10-163] Analyzing VHDL file "C:/Users/mehrdad.montazeri/Dropbox/BackUp-Old/Xilinx/Processor5/Processor/project_1/project_1.srcs/sources_1/ip/cordic_0_1/xbip_dsp48_wrapper_v3_0/hdl/xbip_dsp48e1_wrapper_v3_0.vhd" into library xbip_dsp48_wrapper_v3_0
INFO: [VRFC 10-307] analyzing entity xbip_dsp48e1_wrapper_v3_0
INFO: [VRFC 10-163] Analyzing VHDL file "C:/Users/mehrdad.montazeri/Dropbox/BackUp-Old/Xilinx/Processor5/Processor/project_1/project_1.srcs/sources_1/ip/cordic_0_1/xbip_dsp48_wrapper_v3_0/hdl/xbip_dsp48e2_wrapper_v3_0.vhd" into library xbip_dsp48_wrapper_v3_0
INFO: [VRFC 10-307] analyzing entity xbip_dsp48e2_wrapper_v3_0
INFO: [VRFC 10-163] Analyzing VHDL file "C:/Users/mehrdad.montazeri/Dropbox/BackUp-Old/Xilinx/Processor5/Processor/project_1/project_1.srcs/sources_1/ip/cordic_0_1/xbip_dsp48_wrapper_v3_0/hdl/xbip_dsp48_wrapper_v3_0.vhd" into library xbip_dsp48_wrapper_v3_0
INFO: [VRFC 10-307] analyzing entity xbip_dsp48_wrapper_v3_0
INFO: [VRFC 10-163] Analyzing VHDL file "C:/Users/mehrdad.montazeri/Dropbox/BackUp-Old/Xilinx/Processor5/Processor/project_1/project_1.srcs/sources_1/ip/cordic_0_1/xbip_pipe_v3_0/hdl/xbip_pipe_v3_0_viv_comp.vhd" into library xbip_pipe_v3_0
INFO: [VRFC 10-163] Analyzing VHDL file "C:/Users/mehrdad.montazeri/Dropbox/BackUp-Old/Xilinx/Processor5/Processor/project_1/project_1.srcs/sources_1/ip/cordic_0_1/xbip_pipe_v3_0/hdl/xbip_pipe_v3_0_comp.vhd" into library xbip_pipe_v3_0
INFO: [VRFC 10-163] Analyzing VHDL file "C:/Users/mehrdad.montazeri/Dropbox/BackUp-Old/Xilinx/Processor5/Processor/project_1/project_1.srcs/sources_1/ip/cordic_0_1/xbip_pipe_v3_0/hdl/xbip_pipe_v3_0_viv.vhd" into library xbip_pipe_v3_0
INFO: [VRFC 10-307] analyzing entity xbip_pipe_v3_0_viv
INFO: [VRFC 10-163] Analyzing VHDL file "C:/Users/mehrdad.montazeri/Dropbox/BackUp-Old/Xilinx/Processor5/Processor/project_1/project_1.srcs/sources_1/ip/cordic_0_1/xbip_pipe_v3_0/hdl/xbip_pipe_v3_0.vhd" into library xbip_pipe_v3_0
INFO: [VRFC 10-307] analyzing entity xbip_pipe_v3_0
INFO: [VRFC 10-163] Analyzing VHDL file "C:/Users/mehrdad.montazeri/Dropbox/BackUp-Old/Xilinx/Processor5/Processor/project_1/project_1.srcs/sources_1/ip/cordic_0_1/xbip_dsp48_addsub_v3_0/hdl/xbip_dsp48_addsub_v3_0_viv_comp.vhd" into library xbip_dsp48_addsub_v3_0
INFO: [VRFC 10-163] Analyzing VHDL file "C:/Users/mehrdad.montazeri/Dropbox/BackUp-Old/Xilinx/Processor5/Processor/project_1/project_1.srcs/sources_1/ip/cordic_0_1/xbip_dsp48_addsub_v3_0/hdl/xbip_dsp48_addsub_v3_0_comp.vhd" into library xbip_dsp48_addsub_v3_0
INFO: [VRFC 10-163] Analyzing VHDL file "C:/Users/mehrdad.montazeri/Dropbox/BackUp-Old/Xilinx/Processor5/Processor/project_1/project_1.srcs/sources_1/ip/cordic_0_1/xbip_dsp48_addsub_v3_0/hdl/xbip_dsp48_addsub_v3_0_pkg.vhd" into library xbip_dsp48_addsub_v3_0
INFO: [VRFC 10-163] Analyzing VHDL file "C:/Users/mehrdad.montazeri/Dropbox/BackUp-Old/Xilinx/Processor5/Processor/project_1/project_1.srcs/sources_1/ip/cordic_0_1/xbip_dsp48_addsub_v3_0/hdl/xbip_dsp48_addsub_rtl.vhd" into library xbip_dsp48_addsub_v3_0
INFO: [VRFC 10-307] analyzing entity xbip_dsp48_addsub_rtl
INFO: [VRFC 10-163] Analyzing VHDL file "C:/Users/mehrdad.montazeri/Dropbox/BackUp-Old/Xilinx/Processor5/Processor/project_1/project_1.srcs/sources_1/ip/cordic_0_1/xbip_dsp48_addsub_v3_0/hdl/xbip_dsp48_addsub_synth.vhd" into library xbip_dsp48_addsub_v3_0
INFO: [VRFC 10-307] analyzing entity xbip_dsp48_addsub_synth
INFO: [VRFC 10-163] Analyzing VHDL file "C:/Users/mehrdad.montazeri/Dropbox/BackUp-Old/Xilinx/Processor5/Processor/project_1/project_1.srcs/sources_1/ip/cordic_0_1/xbip_dsp48_addsub_v3_0/hdl/xbip_dsp48_addsub_v3_0_viv.vhd" into library xbip_dsp48_addsub_v3_0
INFO: [VRFC 10-307] analyzing entity xbip_dsp48_addsub_v3_0_viv
INFO: [VRFC 10-163] Analyzing VHDL file "C:/Users/mehrdad.montazeri/Dropbox/BackUp-Old/Xilinx/Processor5/Processor/project_1/project_1.srcs/sources_1/ip/cordic_0_1/xbip_dsp48_addsub_v3_0/hdl/xbip_dsp48_addsub_v3_0.vhd" into library xbip_dsp48_addsub_v3_0
INFO: [VRFC 10-307] analyzing entity xbip_dsp48_addsub_v3_0
INFO: [VRFC 10-163] Analyzing VHDL file "C:/Users/mehrdad.montazeri/Dropbox/BackUp-Old/Xilinx/Processor5/Processor/project_1/project_1.srcs/sources_1/ip/cordic_0_1/xbip_addsub_v3_0/hdl/xbip_addsub_v3_0_comp.vhd" into library xbip_addsub_v3_0
INFO: [VRFC 10-163] Analyzing VHDL file "C:/Users/mehrdad.montazeri/Dropbox/BackUp-Old/Xilinx/Processor5/Processor/project_1/project_1.srcs/sources_1/ip/cordic_0_1/xbip_addsub_v3_0/hdl/xbip_addsub_v3_0_viv_comp.vhd" into library xbip_addsub_v3_0
INFO: [VRFC 10-163] Analyzing VHDL file "C:/Users/mehrdad.montazeri/Dropbox/BackUp-Old/Xilinx/Processor5/Processor/project_1/project_1.srcs/sources_1/ip/cordic_0_1/xbip_addsub_v3_0/hdl/xbip_addsub_v3_0_viv.vhd" into library xbip_addsub_v3_0
INFO: [VRFC 10-307] analyzing entity xbip_addsub_v3_0_viv
INFO: [VRFC 10-163] Analyzing VHDL file "C:/Users/mehrdad.montazeri/Dropbox/BackUp-Old/Xilinx/Processor5/Processor/project_1/project_1.srcs/sources_1/ip/cordic_0_1/xbip_addsub_v3_0/hdl/xbip_addsub_v3_0.vhd" into library xbip_addsub_v3_0
INFO: [VRFC 10-307] analyzing entity xbip_addsub_v3_0
INFO: [VRFC 10-163] Analyzing VHDL file "C:/Users/mehrdad.montazeri/Dropbox/BackUp-Old/Xilinx/Processor5/Processor/project_1/project_1.srcs/sources_1/ip/cordic_0_1/c_addsub_v12_0/hdl/c_addsub_v12_0_comp.vhd" into library c_addsub_v12_0
INFO: [VRFC 10-163] Analyzing VHDL file "C:/Users/mehrdad.montazeri/Dropbox/BackUp-Old/Xilinx/Processor5/Processor/project_1/project_1.srcs/sources_1/ip/cordic_0_1/c_addsub_v12_0/hdl/c_addsub_v12_0_viv_comp.vhd" into library c_addsub_v12_0
INFO: [VRFC 10-163] Analyzing VHDL file "C:/Users/mehrdad.montazeri/Dropbox/BackUp-Old/Xilinx/Processor5/Processor/project_1/project_1.srcs/sources_1/ip/cordic_0_1/c_addsub_v12_0/hdl/c_addsub_v12_0_pkg.vhd" into library c_addsub_v12_0
INFO: [VRFC 10-163] Analyzing VHDL file "C:/Users/mehrdad.montazeri/Dropbox/BackUp-Old/Xilinx/Processor5/Processor/project_1/project_1.srcs/sources_1/ip/cordic_0_1/c_addsub_v12_0/hdl/c_addsub_v12_0_pkg_legacy.vhd" into library c_addsub_v12_0
INFO: [VRFC 10-163] Analyzing VHDL file "C:/Users/mehrdad.montazeri/Dropbox/BackUp-Old/Xilinx/Processor5/Processor/project_1/project_1.srcs/sources_1/ip/cordic_0_1/c_addsub_v12_0/hdl/c_addsub_v12_0_lut6_legacy.vhd" into library c_addsub_v12_0
INFO: [VRFC 10-307] analyzing entity c_addsub_v12_0_lut6_legacy
INFO: [VRFC 10-163] Analyzing VHDL file "C:/Users/mehrdad.montazeri/Dropbox/BackUp-Old/Xilinx/Processor5/Processor/project_1/project_1.srcs/sources_1/ip/cordic_0_1/c_addsub_v12_0/hdl/c_addsub_v12_0_base_legacy.vhd" into library c_addsub_v12_0
INFO: [VRFC 10-307] analyzing entity c_addsub_v12_0_base_legacy
INFO: [VRFC 10-163] Analyzing VHDL file "C:/Users/mehrdad.montazeri/Dropbox/BackUp-Old/Xilinx/Processor5/Processor/project_1/project_1.srcs/sources_1/ip/cordic_0_1/c_addsub_v12_0/hdl/c_addsub_v12_0_fabric_legacy.vhd" into library c_addsub_v12_0
INFO: [VRFC 10-307] analyzing entity c_addsub_v12_0_fabric_legacy
INFO: [VRFC 10-163] Analyzing VHDL file "C:/Users/mehrdad.montazeri/Dropbox/BackUp-Old/Xilinx/Processor5/Processor/project_1/project_1.srcs/sources_1/ip/cordic_0_1/c_addsub_v12_0/hdl/c_addsub_v12_0_legacy.vhd" into library c_addsub_v12_0
INFO: [VRFC 10-307] analyzing entity c_addsub_v12_0_legacy
INFO: [VRFC 10-163] Analyzing VHDL file "C:/Users/mehrdad.montazeri/Dropbox/BackUp-Old/Xilinx/Processor5/Processor/project_1/project_1.srcs/sources_1/ip/cordic_0_1/c_addsub_v12_0/hdl/c_addsub_v12_0_viv.vhd" into library c_addsub_v12_0
INFO: [VRFC 10-307] analyzing entity c_addsub_v12_0_viv
INFO: [VRFC 10-163] Analyzing VHDL file "C:/Users/mehrdad.montazeri/Dropbox/BackUp-Old/Xilinx/Processor5/Processor/project_1/project_1.srcs/sources_1/ip/cordic_0_1/c_addsub_v12_0/hdl/c_addsub_v12_0.vhd" into library c_addsub_v12_0
INFO: [VRFC 10-307] analyzing entity c_addsub_v12_0
INFO: [VRFC 10-163] Analyzing VHDL file "C:/Users/mehrdad.montazeri/Dropbox/BackUp-Old/Xilinx/Processor5/Processor/project_1/project_1.srcs/sources_1/ip/cordic_0_1/xbip_bram18k_v3_0/hdl/xbip_bram18k_v3_0_pkg.vhd" into library xbip_bram18k_v3_0
INFO: [VRFC 10-163] Analyzing VHDL file "C:/Users/mehrdad.montazeri/Dropbox/BackUp-Old/Xilinx/Processor5/Processor/project_1/project_1.srcs/sources_1/ip/cordic_0_1/xbip_bram18k_v3_0/hdl/xbip_bram18k_v3_0_viv_comp.vhd" into library xbip_bram18k_v3_0
INFO: [VRFC 10-163] Analyzing VHDL file "C:/Users/mehrdad.montazeri/Dropbox/BackUp-Old/Xilinx/Processor5/Processor/project_1/project_1.srcs/sources_1/ip/cordic_0_1/xbip_bram18k_v3_0/hdl/xbip_bram18k_hdl_pkg.vhd" into library xbip_bram18k_v3_0
INFO: [VRFC 10-163] Analyzing VHDL file "C:/Users/mehrdad.montazeri/Dropbox/BackUp-Old/Xilinx/Processor5/Processor/project_1/project_1.srcs/sources_1/ip/cordic_0_1/xbip_bram18k_v3_0/hdl/xbip_bram18k_synth.vhd" into library xbip_bram18k_v3_0
INFO: [VRFC 10-307] analyzing entity xbip_bram18k_synth
INFO: [VRFC 10-163] Analyzing VHDL file "C:/Users/mehrdad.montazeri/Dropbox/BackUp-Old/Xilinx/Processor5/Processor/project_1/project_1.srcs/sources_1/ip/cordic_0_1/xbip_bram18k_v3_0/hdl/xbip_bram18k_rtl.vhd" into library xbip_bram18k_v3_0
INFO: [VRFC 10-307] analyzing entity xbip_bram18k_rtl
INFO: [VRFC 10-163] Analyzing VHDL file "C:/Users/mehrdad.montazeri/Dropbox/BackUp-Old/Xilinx/Processor5/Processor/project_1/project_1.srcs/sources_1/ip/cordic_0_1/xbip_bram18k_v3_0/hdl/xbip_bram18k_v3_0_viv.vhd" into library xbip_bram18k_v3_0
INFO: [VRFC 10-307] analyzing entity xbip_bram18k_v3_0_viv
INFO: [VRFC 10-163] Analyzing VHDL file "C:/Users/mehrdad.montazeri/Dropbox/BackUp-Old/Xilinx/Processor5/Processor/project_1/project_1.srcs/sources_1/ip/cordic_0_1/xbip_bram18k_v3_0/hdl/xbip_bram18k_v3_0.vhd" into library xbip_bram18k_v3_0
INFO: [VRFC 10-307] analyzing entity xbip_bram18k_v3_0
INFO: [VRFC 10-163] Analyzing VHDL file "C:/Users/mehrdad.montazeri/Dropbox/BackUp-Old/Xilinx/Processor5/Processor/project_1/project_1.srcs/sources_1/ip/cordic_0_1/mult_gen_v12_0/hdl/mult_gen_v12_0_comp.vhd" into library mult_gen_v12_0
INFO: [VRFC 10-163] Analyzing VHDL file "C:/Users/mehrdad.montazeri/Dropbox/BackUp-Old/Xilinx/Processor5/Processor/project_1/project_1.srcs/sources_1/ip/cordic_0_1/mult_gen_v12_0/hdl/mult_gen_v12_0_viv_comp.vhd" into library mult_gen_v12_0
INFO: [VRFC 10-163] Analyzing VHDL file "C:/Users/mehrdad.montazeri/Dropbox/BackUp-Old/Xilinx/Processor5/Processor/project_1/project_1.srcs/sources_1/ip/cordic_0_1/mult_gen_v12_0/hdl/mult_gen_v12_0_pkg.vhd" into library mult_gen_v12_0
INFO: [VRFC 10-163] Analyzing VHDL file "C:/Users/mehrdad.montazeri/Dropbox/BackUp-Old/Xilinx/Processor5/Processor/project_1/project_1.srcs/sources_1/ip/cordic_0_1/mult_gen_v12_0/hdl/op_resize.vhd" into library mult_gen_v12_0
INFO: [VRFC 10-307] analyzing entity op_resize
INFO: [VRFC 10-163] Analyzing VHDL file "C:/Users/mehrdad.montazeri/Dropbox/BackUp-Old/Xilinx/Processor5/Processor/project_1/project_1.srcs/sources_1/ip/cordic_0_1/mult_gen_v12_0/hdl/delay_line.vhd" into library mult_gen_v12_0
INFO: [VRFC 10-307] analyzing entity delay_line
INFO: [VRFC 10-163] Analyzing VHDL file "C:/Users/mehrdad.montazeri/Dropbox/BackUp-Old/Xilinx/Processor5/Processor/project_1/project_1.srcs/sources_1/ip/cordic_0_1/mult_gen_v12_0/hdl/cc_compare.vhd" into library mult_gen_v12_0
INFO: [VRFC 10-307] analyzing entity cc_compare
INFO: [VRFC 10-163] Analyzing VHDL file "C:/Users/mehrdad.montazeri/Dropbox/BackUp-Old/Xilinx/Processor5/Processor/project_1/project_1.srcs/sources_1/ip/cordic_0_1/mult_gen_v12_0/hdl/luts.vhd" into library mult_gen_v12_0
INFO: [VRFC 10-307] analyzing entity luts
INFO: [VRFC 10-163] Analyzing VHDL file "C:/Users/mehrdad.montazeri/Dropbox/BackUp-Old/Xilinx/Processor5/Processor/project_1/project_1.srcs/sources_1/ip/cordic_0_1/mult_gen_v12_0/hdl/mult18.vhd" into library mult_gen_v12_0
INFO: [VRFC 10-307] analyzing entity mult18
INFO: [VRFC 10-163] Analyzing VHDL file "C:/Users/mehrdad.montazeri/Dropbox/BackUp-Old/Xilinx/Processor5/Processor/project_1/project_1.srcs/sources_1/ip/cordic_0_1/mult_gen_v12_0/hdl/dsp_pkg.vhd" into library mult_gen_v12_0
INFO: [VRFC 10-163] Analyzing VHDL file "C:/Users/mehrdad.montazeri/Dropbox/BackUp-Old/Xilinx/Processor5/Processor/project_1/project_1.srcs/sources_1/ip/cordic_0_1/mult_gen_v12_0/hdl/dsp.vhd" into library mult_gen_v12_0
INFO: [VRFC 10-307] analyzing entity dsp
INFO: [VRFC 10-163] Analyzing VHDL file "C:/Users/mehrdad.montazeri/Dropbox/BackUp-Old/Xilinx/Processor5/Processor/project_1/project_1.srcs/sources_1/ip/cordic_0_1/mult_gen_v12_0/hdl/hybrid.vhd" into library mult_gen_v12_0
INFO: [VRFC 10-307] analyzing entity hybrid
INFO: [VRFC 10-163] Analyzing VHDL file "C:/Users/mehrdad.montazeri/Dropbox/BackUp-Old/Xilinx/Processor5/Processor/project_1/project_1.srcs/sources_1/ip/cordic_0_1/mult_gen_v12_0/hdl/ccm_dist_mem.vhd" into library mult_gen_v12_0
INFO: [VRFC 10-307] analyzing entity ccm_dist_mem
INFO: [VRFC 10-163] Analyzing VHDL file "C:/Users/mehrdad.montazeri/Dropbox/BackUp-Old/Xilinx/Processor5/Processor/project_1/project_1.srcs/sources_1/ip/cordic_0_1/mult_gen_v12_0/hdl/ccm_sp_block_mem.vhd" into library mult_gen_v12_0
INFO: [VRFC 10-307] analyzing entity ccm_sp_block_mem
INFO: [VRFC 10-163] Analyzing VHDL file "C:/Users/mehrdad.montazeri/Dropbox/BackUp-Old/Xilinx/Processor5/Processor/project_1/project_1.srcs/sources_1/ip/cordic_0_1/mult_gen_v12_0/hdl/ccm_dp_block_mem.vhd" into library mult_gen_v12_0
INFO: [VRFC 10-307] analyzing entity ccm_dp_block_mem
INFO: [VRFC 10-163] Analyzing VHDL file "C:/Users/mehrdad.montazeri/Dropbox/BackUp-Old/Xilinx/Processor5/Processor/project_1/project_1.srcs/sources_1/ip/cordic_0_1/mult_gen_v12_0/hdl/ccm_syncmem.vhd" into library mult_gen_v12_0
INFO: [VRFC 10-307] analyzing entity ccm_syncmem
INFO: [VRFC 10-163] Analyzing VHDL file "C:/Users/mehrdad.montazeri/Dropbox/BackUp-Old/Xilinx/Processor5/Processor/project_1/project_1.srcs/sources_1/ip/cordic_0_1/mult_gen_v12_0/hdl/ccm_scaled_adder.vhd" into library mult_gen_v12_0
INFO: [VRFC 10-307] analyzing entity ccm_scaled_adder
INFO: [VRFC 10-163] Analyzing VHDL file "C:/Users/mehrdad.montazeri/Dropbox/BackUp-Old/Xilinx/Processor5/Processor/project_1/project_1.srcs/sources_1/ip/cordic_0_1/mult_gen_v12_0/hdl/ccm_operation.vhd" into library mult_gen_v12_0
INFO: [VRFC 10-307] analyzing entity ccm_operation
INFO: [VRFC 10-163] Analyzing VHDL file "C:/Users/mehrdad.montazeri/Dropbox/BackUp-Old/Xilinx/Processor5/Processor/project_1/project_1.srcs/sources_1/ip/cordic_0_1/mult_gen_v12_0/hdl/ccm.vhd" into library mult_gen_v12_0
INFO: [VRFC 10-307] analyzing entity ccm
INFO: [VRFC 10-163] Analyzing VHDL file "C:/Users/mehrdad.montazeri/Dropbox/BackUp-Old/Xilinx/Processor5/Processor/project_1/project_1.srcs/sources_1/ip/cordic_0_1/mult_gen_v12_0/hdl/three_input_adder.vhd" into library mult_gen_v12_0
INFO: [VRFC 10-307] analyzing entity three_input_adder
INFO: [VRFC 10-163] Analyzing VHDL file "C:/Users/mehrdad.montazeri/Dropbox/BackUp-Old/Xilinx/Processor5/Processor/project_1/project_1.srcs/sources_1/ip/cordic_0_1/mult_gen_v12_0/hdl/multMxN_lut6.vhd" into library mult_gen_v12_0
INFO: [VRFC 10-307] analyzing entity multmxn_lut6
INFO: [VRFC 10-163] Analyzing VHDL file "C:/Users/mehrdad.montazeri/Dropbox/BackUp-Old/Xilinx/Processor5/Processor/project_1/project_1.srcs/sources_1/ip/cordic_0_1/mult_gen_v12_0/hdl/mult_gen_v12_0_viv.vhd" into library mult_gen_v12_0
INFO: [VRFC 10-307] analyzing entity mult_gen_v12_0_viv
INFO: [VRFC 10-163] Analyzing VHDL file "C:/Users/mehrdad.montazeri/Dropbox/BackUp-Old/Xilinx/Processor5/Processor/project_1/project_1.srcs/sources_1/ip/cordic_0_1/mult_gen_v12_0/hdl/mult_gen_v12_0.vhd" into library mult_gen_v12_0
INFO: [VRFC 10-307] analyzing entity mult_gen_v12_0
INFO: [VRFC 10-163] Analyzing VHDL file "C:/Users/mehrdad.montazeri/Dropbox/BackUp-Old/Xilinx/Processor5/Processor/project_1/project_1.srcs/sources_1/ip/cordic_0_1/axi_utils_v2_0/hdl/global_util_pkg.vhd" into library axi_utils_v2_0
INFO: [VRFC 10-163] Analyzing VHDL file "C:/Users/mehrdad.montazeri/Dropbox/BackUp-Old/Xilinx/Processor5/Processor/project_1/project_1.srcs/sources_1/ip/cordic_0_1/axi_utils_v2_0/hdl/axi_utils_v2_0_pkg.vhd" into library axi_utils_v2_0
INFO: [VRFC 10-163] Analyzing VHDL file "C:/Users/mehrdad.montazeri/Dropbox/BackUp-Old/Xilinx/Processor5/Processor/project_1/project_1.srcs/sources_1/ip/cordic_0_1/axi_utils_v2_0/hdl/axi_utils_comps.vhd" into library axi_utils_v2_0
INFO: [VRFC 10-163] Analyzing VHDL file "C:/Users/mehrdad.montazeri/Dropbox/BackUp-Old/Xilinx/Processor5/Processor/project_1/project_1.srcs/sources_1/ip/cordic_0_1/axi_utils_v2_0/hdl/glb_srl_fifo.vhd" into library axi_utils_v2_0
INFO: [VRFC 10-307] analyzing entity glb_srl_fifo
INFO: [VRFC 10-163] Analyzing VHDL file "C:/Users/mehrdad.montazeri/Dropbox/BackUp-Old/Xilinx/Processor5/Processor/project_1/project_1.srcs/sources_1/ip/cordic_0_1/axi_utils_v2_0/hdl/glb_ifx_slave.vhd" into library axi_utils_v2_0
INFO: [VRFC 10-307] analyzing entity glb_ifx_slave
INFO: [VRFC 10-163] Analyzing VHDL file "C:/Users/mehrdad.montazeri/Dropbox/BackUp-Old/Xilinx/Processor5/Processor/project_1/project_1.srcs/sources_1/ip/cordic_0_1/axi_utils_v2_0/hdl/glb_ifx_master.vhd" into library axi_utils_v2_0
INFO: [VRFC 10-307] analyzing entity glb_ifx_master
INFO: [VRFC 10-163] Analyzing VHDL file "C:/Users/mehrdad.montazeri/Dropbox/BackUp-Old/Xilinx/Processor5/Processor/project_1/project_1.srcs/sources_1/ip/cordic_0_1/axi_utils_v2_0/hdl/axi_slave_2to1.vhd" into library axi_utils_v2_0
INFO: [VRFC 10-307] analyzing entity axi_slave_2to1
INFO: [VRFC 10-163] Analyzing VHDL file "C:/Users/mehrdad.montazeri/Dropbox/BackUp-Old/Xilinx/Processor5/Processor/project_1/project_1.srcs/sources_1/ip/cordic_0_1/axi_utils_v2_0/hdl/axi_slave_3to1.vhd" into library axi_utils_v2_0
INFO: [VRFC 10-307] analyzing entity axi_slave_3to1
INFO: [VRFC 10-163] Analyzing VHDL file "C:/Users/mehrdad.montazeri/Dropbox/BackUp-Old/Xilinx/Processor5/Processor/project_1/project_1.srcs/sources_1/ip/cordic_0_1/axi_utils_v2_0/hdl/axi_slave_4to1.vhd" into library axi_utils_v2_0
INFO: [VRFC 10-307] analyzing entity axi_slave_4to1
INFO: [VRFC 10-163] Analyzing VHDL file "C:/Users/mehrdad.montazeri/Dropbox/BackUp-Old/Xilinx/Processor5/Processor/project_1/project_1.srcs/sources_1/ip/cordic_0_1/cordic_v6_0/hdl/cordic_v6_0_viv_comp.vhd" into library cordic_v6_0
INFO: [VRFC 10-163] Analyzing VHDL file "C:/Users/mehrdad.montazeri/Dropbox/BackUp-Old/Xilinx/Processor5/Processor/project_1/project_1.srcs/sources_1/ip/cordic_0_1/cordic_v6_0/hdl/cordic_v6_0_comp.vhd" into library cordic_v6_0
INFO: [VRFC 10-163] Analyzing VHDL file "C:/Users/mehrdad.montazeri/Dropbox/BackUp-Old/Xilinx/Processor5/Processor/project_1/project_1.srcs/sources_1/ip/cordic_0_1/cordic_v6_0/hdl/cordic_pack.vhd" into library cordic_v6_0
INFO: [VRFC 10-163] Analyzing VHDL file "C:/Users/mehrdad.montazeri/Dropbox/BackUp-Old/Xilinx/Processor5/Processor/project_1/project_1.srcs/sources_1/ip/cordic_0_1/cordic_v6_0/hdl/cordic_hdl_comps.vhd" into library cordic_v6_0
INFO: [VRFC 10-163] Analyzing VHDL file "C:/Users/mehrdad.montazeri/Dropbox/BackUp-Old/Xilinx/Processor5/Processor/project_1/project_1.srcs/sources_1/ip/cordic_0_1/cordic_v6_0/hdl/compare.vhd" into library cordic_v6_0
INFO: [VRFC 10-307] analyzing entity compare
INFO: [VRFC 10-163] Analyzing VHDL file "C:/Users/mehrdad.montazeri/Dropbox/BackUp-Old/Xilinx/Processor5/Processor/project_1/project_1.srcs/sources_1/ip/cordic_0_1/cordic_v6_0/hdl/addsub.vhd" into library cordic_v6_0
INFO: [VRFC 10-307] analyzing entity addsub
INFO: [VRFC 10-163] Analyzing VHDL file "C:/Users/mehrdad.montazeri/Dropbox/BackUp-Old/Xilinx/Processor5/Processor/project_1/project_1.srcs/sources_1/ip/cordic_0_1/cordic_v6_0/hdl/delay.vhd" into library cordic_v6_0
INFO: [VRFC 10-307] analyzing entity delay
INFO: [VRFC 10-163] Analyzing VHDL file "C:/Users/mehrdad.montazeri/Dropbox/BackUp-Old/Xilinx/Processor5/Processor/project_1/project_1.srcs/sources_1/ip/cordic_0_1/cordic_v6_0/hdl/delay_bit.vhd" into library cordic_v6_0
INFO: [VRFC 10-307] analyzing entity delay_bit
INFO: [VRFC 10-163] Analyzing VHDL file "C:/Users/mehrdad.montazeri/Dropbox/BackUp-Old/Xilinx/Processor5/Processor/project_1/project_1.srcs/sources_1/ip/cordic_0_1/cordic_v6_0/hdl/cordic_inp_config.vhd" into library cordic_v6_0
INFO: [VRFC 10-307] analyzing entity cordic_inp_config
INFO: [VRFC 10-163] Analyzing VHDL file "C:/Users/mehrdad.montazeri/Dropbox/BackUp-Old/Xilinx/Processor5/Processor/project_1/project_1.srcs/sources_1/ip/cordic_0_1/cordic_v6_0/hdl/cordic_eng.vhd" into library cordic_v6_0
INFO: [VRFC 10-307] analyzing entity cordic_eng
INFO: [VRFC 10-163] Analyzing VHDL file "C:/Users/mehrdad.montazeri/Dropbox/BackUp-Old/Xilinx/Processor5/Processor/project_1/project_1.srcs/sources_1/ip/cordic_0_1/cordic_v6_0/hdl/cordic_eng_slice_par.vhd" into library cordic_v6_0
INFO: [VRFC 10-307] analyzing entity cordic_eng_slice_par
INFO: [VRFC 10-163] Analyzing VHDL file "C:/Users/mehrdad.montazeri/Dropbox/BackUp-Old/Xilinx/Processor5/Processor/project_1/project_1.srcs/sources_1/ip/cordic_0_1/cordic_v6_0/hdl/cordic_dat_acc_slice_par.vhd" into library cordic_v6_0
INFO: [VRFC 10-307] analyzing entity cordic_dat_acc_slice_par
INFO: [VRFC 10-163] Analyzing VHDL file "C:/Users/mehrdad.montazeri/Dropbox/BackUp-Old/Xilinx/Processor5/Processor/project_1/project_1.srcs/sources_1/ip/cordic_0_1/cordic_v6_0/hdl/cordic_cntr.vhd" into library cordic_v6_0
INFO: [VRFC 10-307] analyzing entity cordic_cntr
INFO: [VRFC 10-163] Analyzing VHDL file "C:/Users/mehrdad.montazeri/Dropbox/BackUp-Old/Xilinx/Processor5/Processor/project_1/project_1.srcs/sources_1/ip/cordic_0_1/cordic_v6_0/hdl/cordic_ctrl_slice_par.vhd" into library cordic_v6_0
INFO: [VRFC 10-307] analyzing entity cordic_ctrl_slice_par
INFO: [VRFC 10-163] Analyzing VHDL file "C:/Users/mehrdad.montazeri/Dropbox/BackUp-Old/Xilinx/Processor5/Processor/project_1/project_1.srcs/sources_1/ip/cordic_0_1/cordic_v6_0/hdl/cordic_pha_acc_slice_wser.vhd" into library cordic_v6_0
INFO: [VRFC 10-307] analyzing entity cordic_pha_acc_slice_wser
INFO: [VRFC 10-163] Analyzing VHDL file "C:/Users/mehrdad.montazeri/Dropbox/BackUp-Old/Xilinx/Processor5/Processor/project_1/project_1.srcs/sources_1/ip/cordic_0_1/cordic_v6_0/hdl/cordic_pha_acc_slice_par.vhd" into library cordic_v6_0
INFO: [VRFC 10-307] analyzing entity cordic_pha_acc_slice_par
INFO: [VRFC 10-163] Analyzing VHDL file "C:/Users/mehrdad.montazeri/Dropbox/BackUp-Old/Xilinx/Processor5/Processor/project_1/project_1.srcs/sources_1/ip/cordic_0_1/cordic_v6_0/hdl/cordic_ctrl_slice_wser.vhd" into library cordic_v6_0
INFO: [VRFC 10-307] analyzing entity cordic_ctrl_slice_wser
INFO: [VRFC 10-163] Analyzing VHDL file "C:/Users/mehrdad.montazeri/Dropbox/BackUp-Old/Xilinx/Processor5/Processor/project_1/project_1.srcs/sources_1/ip/cordic_0_1/cordic_v6_0/hdl/cordic_dat_acc_slice_wser.vhd" into library cordic_v6_0
INFO: [VRFC 10-307] analyzing entity cordic_dat_acc_slice_wser
INFO: [VRFC 10-163] Analyzing VHDL file "C:/Users/mehrdad.montazeri/Dropbox/BackUp-Old/Xilinx/Processor5/Processor/project_1/project_1.srcs/sources_1/ip/cordic_0_1/cordic_v6_0/hdl/cordic_shift.vhd" into library cordic_v6_0
INFO: [VRFC 10-307] analyzing entity cordic_shift
INFO: [VRFC 10-163] Analyzing VHDL file "C:/Users/mehrdad.montazeri/Dropbox/BackUp-Old/Xilinx/Processor5/Processor/project_1/project_1.srcs/sources_1/ip/cordic_0_1/cordic_v6_0/hdl/cordic_eng_slice_wser.vhd" into library cordic_v6_0
INFO: [VRFC 10-307] analyzing entity cordic_eng_slice_wser
INFO: [VRFC 10-163] Analyzing VHDL file "C:/Users/mehrdad.montazeri/Dropbox/BackUp-Old/Xilinx/Processor5/Processor/project_1/project_1.srcs/sources_1/ip/cordic_0_1/cordic_v6_0/hdl/cordic_atan_rom.vhd" into library cordic_v6_0
INFO: [VRFC 10-307] analyzing entity cordic_atan_rom
INFO: [VRFC 10-163] Analyzing VHDL file "C:/Users/mehrdad.montazeri/Dropbox/BackUp-Old/Xilinx/Processor5/Processor/project_1/project_1.srcs/sources_1/ip/cordic_0_1/cordic_v6_0/hdl/cordic_scale.vhd" into library cordic_v6_0
INFO: [VRFC 10-307] analyzing entity cordic_scale
INFO: [VRFC 10-163] Analyzing VHDL file "C:/Users/mehrdad.montazeri/Dropbox/BackUp-Old/Xilinx/Processor5/Processor/project_1/project_1.srcs/sources_1/ip/cordic_0_1/cordic_v6_0/hdl/cordic_out_config.vhd" into library cordic_v6_0
INFO: [VRFC 10-307] analyzing entity cordic_out_config
INFO: [VRFC 10-163] Analyzing VHDL file "C:/Users/mehrdad.montazeri/Dropbox/BackUp-Old/Xilinx/Processor5/Processor/project_1/project_1.srcs/sources_1/ip/cordic_0_1/cordic_v6_0/hdl/cordic_round.vhd" into library cordic_v6_0
INFO: [VRFC 10-307] analyzing entity cordic_round
INFO: [VRFC 10-163] Analyzing VHDL file "C:/Users/mehrdad.montazeri/Dropbox/BackUp-Old/Xilinx/Processor5/Processor/project_1/project_1.srcs/sources_1/ip/cordic_0_1/cordic_v6_0/hdl/cordic_sqrt_mod.vhd" into library cordic_v6_0
INFO: [VRFC 10-307] analyzing entity cordic_sqrt_mod
INFO: [VRFC 10-163] Analyzing VHDL file "C:/Users/mehrdad.montazeri/Dropbox/BackUp-Old/Xilinx/Processor5/Processor/project_1/project_1.srcs/sources_1/ip/cordic_0_1/cordic_v6_0/hdl/cordic_sqrt.vhd" into library cordic_v6_0
INFO: [VRFC 10-307] analyzing entity cordic_sqrt
INFO: [VRFC 10-163] Analyzing VHDL file "C:/Users/mehrdad.montazeri/Dropbox/BackUp-Old/Xilinx/Processor5/Processor/project_1/project_1.srcs/sources_1/ip/cordic_0_1/cordic_v6_0/hdl/cordic_v6_0_synth.vhd" into library cordic_v6_0
INFO: [VRFC 10-307] analyzing entity cordic_v6_0_synth
INFO: [VRFC 10-163] Analyzing VHDL file "C:/Users/mehrdad.montazeri/Dropbox/BackUp-Old/Xilinx/Processor5/Processor/project_1/project_1.srcs/sources_1/ip/cordic_0_1/cordic_v6_0/hdl/cordic_v6_0_viv.vhd" into library cordic_v6_0
INFO: [VRFC 10-307] analyzing entity cordic_v6_0_viv
INFO: [VRFC 10-163] Analyzing VHDL file "C:/Users/mehrdad.montazeri/Dropbox/BackUp-Old/Xilinx/Processor5/Processor/project_1/project_1.srcs/sources_1/ip/cordic_0_1/cordic_v6_0/hdl/cordic_v6_0.vhd" into library cordic_v6_0
INFO: [VRFC 10-307] analyzing entity cordic_v6_0
INFO: [VRFC 10-163] Analyzing VHDL file "C:/Users/mehrdad.montazeri/Dropbox/BackUp-Old/Xilinx/Processor5/Processor/project_1/project_1.srcs/sources_1/ip/cordic_0_1/sim/cordic_0.vhd" into library xil_defaultlib
INFO: [VRFC 10-307] analyzing entity cordic_0
INFO: [VRFC 10-163] Analyzing VHDL file "C:/Users/mehrdad.montazeri/Dropbox/BackUp-Old/Xilinx/Processor5/Processor/project_1/project_1.srcs/sources_1/ip/cordic_0_1/demo_tb/tb_cordic_0.vhd" into library xil_defaultlib
INFO: [VRFC 10-307] analyzing entity tb_cordic_0
INFO: [VRFC 10-163] Analyzing VHDL file "C:/Users/mehrdad.montazeri/Dropbox/BackUp-Old/Xilinx/Processor5/Processor/ALU.vhd" into library xil_defaultlib
INFO: [VRFC 10-307] analyzing entity ALU
INFO: [VRFC 10-163] Analyzing VHDL file "C:/Users/mehrdad.montazeri/Dropbox/BackUp-Old/Xilinx/Processor5/Processor/P_BUS.vhd" into library xil_defaultlib
INFO: [VRFC 10-307] analyzing entity P_BUS
INFO: [VRFC 10-163] Analyzing VHDL file "C:/Users/mehrdad.montazeri/Dropbox/BackUp-Old/Xilinx/Processor5/Processor/Memory.vhd" into library xil_defaultlib
INFO: [VRFC 10-307] analyzing entity Memory
INFO: [VRFC 10-163] Analyzing VHDL file "C:/Users/mehrdad.montazeri/Dropbox/BackUp-Old/Xilinx/Processor5/Processor/ControlUnit.vhd" into library xil_defaultlib
INFO: [VRFC 10-307] analyzing entity ControlUnit
INFO: [VRFC 10-163] Analyzing VHDL file "C:/Users/mehrdad.montazeri/Dropbox/BackUp-Old/Xilinx/Processor5/Processor/Proccessor.vhd" into library xil_defaultlib
INFO: [VRFC 10-307] analyzing entity Proccessor
INFO: [VRFC 10-163] Analyzing VHDL file "C:/Users/mehrdad.montazeri/Dropbox/BackUp-Old/Xilinx/Processor5/Processor/ALUTestBench.vhd" into library xil_defaultlib
INFO: [VRFC 10-307] analyzing entity ALUTestBench
INFO: [VRFC 10-163] Analyzing VHDL file "C:/Users/mehrdad.montazeri/Dropbox/BackUp-Old/Xilinx/Processor5/Processor/testMemory.vhd" into library xil_defaultlib
INFO: [VRFC 10-307] analyzing entity testmemory
INFO: [VRFC 10-163] Analyzing VHDL file "C:/Users/mehrdad.montazeri/Dropbox/BackUp-Old/Xilinx/Processor5/Processor/testcontrolunit.vhd" into library xil_defaultlib
INFO: [VRFC 10-307] analyzing entity testcontrolunit
INFO: [VRFC 10-163] Analyzing VHDL file "C:/Users/mehrdad.montazeri/Dropbox/BackUp-Old/Xilinx/Processor5/Processor/P_BUStest.vhd" into library xil_defaultlib
INFO: [VRFC 10-307] analyzing entity p_bustest
INFO: [VRFC 10-163] Analyzing VHDL file "C:/Users/mehrdad.montazeri/Dropbox/BackUp-Old/Xilinx/Processor5/Processor/TB_Proccessor.vhd" into library xil_defaultlib
INFO: [VRFC 10-307] analyzing entity TB_Proccessor
